  Archivo1.txt
  1   tres
  2   dos
  2   uno
  Archivo1.txt
  1   tres
  2   dos
  2   uno
  Archivo1.txt
  1   tres
  2   dos
  2   uno
  Archivo1.txt
  1   tres
  2   dos
  2   uno
  Archivo1.txt
  1   tres
  2   dos
  2   uno
  Archivo1.txt
  1   tres
  2   dos
  2   uno
  Archivo1.txt
  1   tres
  2   dos
  2   uno
  Archivo1.txt
  1   tres
  2   dos
  2   uno
  Archivo1.txt
  1   tres
  2   dos
  2   uno
  Archivo1.txt
  1   tres
  2   dos
  2   uno
  Archivo1.txt
  1   tres
  2   dos
  2   uno
  Archivo1.txt
  1   tres
  2   dos
  2   uno
  Archivo2.txt
  2   treinta
  2   tres
  2   uno
  3   dos
  Archivo3.txt
  1   doce
  1   ocho
  2   uno
  3   dos
  3   tres
  4   treinta
  Archivo4.txt
  1   doce
  2   uno
  3   ocho
  3   tres
  4   dos
  5   treinta
